This is pdfTeX, Version 3.141592653-2.6-1.40.25 (MiKTeX 23.9) (preloaded format=pdflatex 2024.2.14)  27 FEB 2024 16:08
entering extended mode
 \write18 enabled.
 %&-line parsing enabled.
**./practical.tex
(practical.tex
LaTeX2e <2023-06-01> patch level 1
L3 programming layer <2023-08-29>
! Undefined control sequence.
l.1 \chapter
            *{–ü—Ä–∞–∫—Ç–∏—á–µ—Å–∫–∞—è —á–∞—Å—Ç—å}
The control sequence at the end of the top line
of your error message was never \def'ed. If you have
misspelled it (e.g., `\hobx'), type `I' and the correct
spelling (e.g., `I\hbox'). Otherwise just continue,
and I'll forget about whatever was undefined.


! LaTeX Error: Missing \begin{document}.

See the LaTeX manual or LaTeX Companion for explanation.
Type  H <return>  for immediate help.
 ...                                              
                                                  
l.1 \chapter*
             {–ü—Ä–∞–∫—Ç–∏—á–µ—Å–∫–∞—è —á–∞—Å—Ç—å}
You're in trouble here.  Try typing  <return>  to proceed.
If that doesn't work, type  X <return>  to quit.

Missing character: There is no * in font nullfont!

! LaTeX Error: Unicode character –ü (U+041F)
               not set up for use with LaTeX.

See the LaTeX manual or LaTeX Companion for explanation.
Type  H <return>  for immediate help.
 ...                                              
                                                  
l.1 \chapter*{–ü
                —Ä–∞–∫—Ç–∏—á–µ—Å–∫–∞—è —á–∞—Å—Ç—å}
You may provide a definition with
\DeclareUnicodeCharacter 


! LaTeX Error: Unicode character —Ä (U+0440)
               not set up for use with LaTeX.

See the LaTeX manual or LaTeX Companion for explanation.
Type  H <return>  for immediate help.
 ...                                              
                                                  
l.1 \chapter*{–ü—Ä
                  –∞–∫—Ç–∏—á–µ—Å–∫–∞—è —á–∞—Å—Ç—å}
You may provide a definition with
\DeclareUnicodeCharacter 


! LaTeX Error: Unicode character –∞ (U+0430)
               not set up for use with LaTeX.

See the LaTeX manual or LaTeX Companion for explanation.
Type  H <return>  for immediate help.
 ...                                              
                                                  
l.1 \chapter*{–ü—Ä–∞
                    –∫—Ç–∏—á–µ—Å–∫–∞—è —á–∞—Å—Ç—å}
You may provide a definition with
\DeclareUnicodeCharacter 


! LaTeX Error: Unicode character –∫ (U+043A)
               not set up for use with LaTeX.

See the LaTeX manual or LaTeX Companion for explanation.
Type  H <return>  for immediate help.
 ...                                              
                                                  
l.1 \chapter*{–ü—Ä–∞–∫
                      —Ç–∏—á–µ—Å–∫–∞—è —á–∞—Å—Ç—å}
You may provide a definition with
\DeclareUnicodeCharacter 


! LaTeX Error: Unicode character —Ç (U+0442)
               not set up for use with LaTeX.

See the LaTeX manual or LaTeX Companion for explanation.
Type  H <return>  for immediate help.
 ...                                              
                                                  
l.1 \chapter*{–ü—Ä–∞–∫—Ç
                        –∏—á–µ—Å–∫–∞—è —á–∞—Å—Ç—å}
You may provide a definition with
\DeclareUnicodeCharacter 


! LaTeX Error: Unicode character –∏ (U+0438)
               not set up for use with LaTeX.

See the LaTeX manual or LaTeX Companion for explanation.
Type  H <return>  for immediate help.
 ...                                              
                                                  
l.1 \chapter*{–ü—Ä–∞–∫—Ç–∏
                          —á–µ—Å–∫–∞—è —á–∞—Å—Ç—å}
You may provide a definition with
\DeclareUnicodeCharacter 


! LaTeX Error: Unicode character —á (U+0447)
               not set up for use with LaTeX.

See the LaTeX manual or LaTeX Companion for explanation.
Type  H <return>  for immediate help.
 ...                                              
                                                  
l.1 \chapter*{–ü—Ä–∞–∫—Ç–∏—á
                            –µ—Å–∫–∞—è —á–∞—Å—Ç—å}
You may provide a definition with
\DeclareUnicodeCharacter 


! LaTeX Error: Unicode character –µ (U+0435)
               not set up for use with LaTeX.

See the LaTeX manual or LaTeX Companion for explanation.
Type  H <return>  for immediate help.
 ...                                              
                                                  
l.1 \chapter*{–ü—Ä–∞–∫—Ç–∏—á–µ
                              —Å–∫–∞—è —á–∞—Å—Ç—å}
You may provide a definition with
\DeclareUnicodeCharacter 


! LaTeX Error: Unicode character —Å (U+0441)
               not set up for use with LaTeX.

See the LaTeX manual or LaTeX Companion for explanation.
Type  H <return>  for immediate help.
 ...                                              
                                                  
l.1 \chapter*{–ü—Ä–∞–∫—Ç–∏—á–µ—Å
                                –∫–∞—è —á–∞—Å—Ç—å}
You may provide a definition with
\DeclareUnicodeCharacter 


! LaTeX Error: Unicode character –∫ (U+043A)
               not set up for use with LaTeX.

See the LaTeX manual or LaTeX Companion for explanation.
Type  H <return>  for immediate help.
 ...                                              
                                                  
l.1 \chapter*{–ü—Ä–∞–∫—Ç–∏—á–µ—Å–∫
                                  –∞—è —á–∞—Å—Ç—å}
You may provide a definition with
\DeclareUnicodeCharacter 


! LaTeX Error: Unicode character –∞ (U+0430)
               not set up for use with LaTeX.

See the LaTeX manual or LaTeX Companion for explanation.
Type  H <return>  for immediate help.
 ...                                              
                                                  
l.1 \chapter*{–ü—Ä–∞–∫—Ç–∏—á–µ—Å–∫–∞
                                    —è —á–∞—Å—Ç—å}
You may provide a definition with
\DeclareUnicodeCharacter 


! LaTeX Error: Unicode character —è (U+044F)
               not set up for use with LaTeX.

See the LaTeX manual or LaTeX Companion for explanation.
Type  H <return>  for immediate help.
 ...                                              
                                                  
l.1 \chapter*{–ü—Ä–∞–∫—Ç–∏—á–µ—Å–∫–∞—è
                                       —á–∞—Å—Ç—å}
You may provide a definition with
\DeclareUnicodeCharacter 


! LaTeX Error: Unicode character —á (U+0447)
               not set up for use with LaTeX.

See the LaTeX manual or LaTeX Companion for explanation.
Type  H <return>  for immediate help.
 ...                                              
                                                  
l.1 \chapter*{–ü—Ä–∞–∫—Ç–∏—á–µ—Å–∫–∞—è —á
                                         –∞—Å—Ç—å}
You may provide a definition with
\DeclareUnicodeCharacter 


! LaTeX Error: Unicode character –∞ (U+0430)
               not set up for use with LaTeX.

See the LaTeX manual or LaTeX Companion for explanation.
Type  H <return>  for immediate help.
 ...                                              
                                                  
l.1 \chapter*{–ü—Ä–∞–∫—Ç–∏—á–µ—Å–∫–∞—è —á–∞
                                           —Å—Ç—å}
You may provide a definition with
\DeclareUnicodeCharacter 


! LaTeX Error: Unicode character —Å (U+0441)
               not set up for use with LaTeX.

See the LaTeX manual or LaTeX Companion for explanation.
Type  H <return>  for immediate help.
 ...                                              
                                                  
l.1 \chapter*{–ü—Ä–∞–∫—Ç–∏—á–µ—Å–∫–∞—è —á–∞—Å
                                             —Ç—å}
You may provide a definition with
\DeclareUnicodeCharacter 


! LaTeX Error: Unicode character —Ç (U+0442)
               not set up for use with LaTeX.

See the LaTeX manual or LaTeX Companion for explanation.
Type  H <return>  for immediate help.
 ...                                              
                                                  
l.1 \chapter*{–ü—Ä–∞–∫—Ç–∏—á–µ—Å–∫–∞—è —á–∞—Å—Ç
                                               —å}
You may provide a definition with
\DeclareUnicodeCharacter 


! LaTeX Error: Unicode character —å (U+044C)
               not set up for use with LaTeX.

See the LaTeX manual or LaTeX Companion for explanation.
Type  H <return>  for immediate help.
 ...                                              
                                                  
l.1 \chapter*{–ü—Ä–∞–∫—Ç–∏—á–µ—Å–∫–∞—è —á–∞—Å—Ç—å
                                                 }
You may provide a definition with
\DeclareUnicodeCharacter 


Overfull \hbox (20.0pt too wide) in paragraph at lines 1--2
[]
 []

! Undefined control sequence.
l.3 \includelistingpretty
                         
The control sequence at the end of the top line
of your error message was never \def'ed. If you have
misspelled it (e.g., `\hobx'), type `I' and the correct
spelling (e.g., `I\hbox'). Otherwise just continue,
and I'll forget about whatever was undefined.


! LaTeX Error: Missing \begin{document}.

See the LaTeX manual or LaTeX Companion for explanation.
Type  H <return>  for immediate help.
 ...                                              
                                                  
l.4 	{l
       ab3.lst} % –ò–º—è —Ñ–∞–π–ª–∞ —Å —Ä–∞—Å—à–∏—Ä–µ–Ω–∏–µ–º (—Ñ–∞–π–ª –¥–æ...

You're in trouble here.  Try typing  <return>  to proceed.
If that doesn't work, type  X <return>  to quit.

Missing character: There is no l in font nullfont!
Missing character: There is no a in font nullfont!
Missing character: There is no b in font nullfont!
Missing character: There is no 3 in font nullfont!
Missing character: There is no . in font nullfont!
Missing character: There is no l in font nullfont!
Missing character: There is no s in font nullfont!
Missing character: There is no t in font nullfont!
Missing character: There is no l in font nullfont!
Missing character: There is no i in font nullfont!
Missing character: There is no s in font nullfont!
Missing character: There is no p in font nullfont!

! LaTeX Error: Unicode character –ò (U+0418)
               not set up for use with LaTeX.

See the LaTeX manual or LaTeX Companion for explanation.
Type  H <return>  for immediate help.
 ...                                              
                                                  
l.6 	{–ò
        —Å—Ö–æ–¥–Ω—ã–π –∫–æ–¥ –∑–∞–¥–∞–Ω–∏–π –ª–∞–±–æ—Ä–∞—Ç–æ—Ä–Ω–æ–π —Ä–∞–±...

You may provide a definition with
\DeclareUnicodeCharacter 


! LaTeX Error: Unicode character —Å (U+0441)
               not set up for use with LaTeX.

See the LaTeX manual or LaTeX Companion for explanation.
Type  H <return>  for immediate help.
 ...                                              
                                                  
l.6 	{–ò—Å
          —Ö–æ–¥–Ω—ã–π –∫–æ–¥ –∑–∞–¥–∞–Ω–∏–π –ª–∞–±–æ—Ä–∞—Ç–æ—Ä–Ω–æ–π —Ä–∞–±...

You may provide a definition with
\DeclareUnicodeCharacter 


! LaTeX Error: Unicode character —Ö (U+0445)
               not set up for use with LaTeX.

See the LaTeX manual or LaTeX Companion for explanation.
Type  H <return>  for immediate help.
 ...                                              
                                                  
l.6 	{–ò—Å—Ö
            –æ–¥–Ω—ã–π –∫–æ–¥ –∑–∞–¥–∞–Ω–∏–π –ª–∞–±–æ—Ä–∞—Ç–æ—Ä–Ω–æ–π —Ä–∞–±...

You may provide a definition with
\DeclareUnicodeCharacter 


! LaTeX Error: Unicode character –æ (U+043E)
               not set up for use with LaTeX.

See the LaTeX manual or LaTeX Companion for explanation.
Type  H <return>  for immediate help.
 ...                                              
                                                  
l.6 	{–ò—Å—Ö–æ
              –¥–Ω—ã–π –∫–æ–¥ –∑–∞–¥–∞–Ω–∏–π –ª–∞–±–æ—Ä–∞—Ç–æ—Ä–Ω–æ–π —Ä–∞–±...

You may provide a definition with
\DeclareUnicodeCharacter 


! LaTeX Error: Unicode character –¥ (U+0434)
               not set up for use with LaTeX.

See the LaTeX manual or LaTeX Companion for explanation.
Type  H <return>  for immediate help.
 ...                                              
                                                  
l.6 	{–ò—Å—Ö–æ–¥
                –Ω—ã–π –∫–æ–¥ –∑–∞–¥–∞–Ω–∏–π –ª–∞–±–æ—Ä–∞—Ç–æ—Ä–Ω–æ–π —Ä–∞–±...

You may provide a definition with
\DeclareUnicodeCharacter 


! LaTeX Error: Unicode character –Ω (U+043D)
               not set up for use with LaTeX.

See the LaTeX manual or LaTeX Companion for explanation.
Type  H <return>  for immediate help.
 ...                                              
                                                  
l.6 	{–ò—Å—Ö–æ–¥–Ω
                  —ã–π –∫–æ–¥ –∑–∞–¥–∞–Ω–∏–π –ª–∞–±–æ—Ä–∞—Ç–æ—Ä–Ω–æ–π —Ä–∞–±...

You may provide a definition with
\DeclareUnicodeCharacter 


! LaTeX Error: Unicode character —ã (U+044B)
               not set up for use with LaTeX.

See the LaTeX manual or LaTeX Companion for explanation.
Type  H <return>  for immediate help.
 ...                                              
                                                  
l.6 	{–ò—Å—Ö–æ–¥–Ω—ã
                    –π –∫–æ–¥ –∑–∞–¥–∞–Ω–∏–π –ª–∞–±–æ—Ä–∞—Ç–æ—Ä–Ω–æ–π —Ä–∞–±...

You may provide a definition with
\DeclareUnicodeCharacter 


! LaTeX Error: Unicode character –π (U+0439)
               not set up for use with LaTeX.

See the LaTeX manual or LaTeX Companion for explanation.
Type  H <return>  for immediate help.
 ...                                              
                                                  
l.6 	{–ò—Å—Ö–æ–¥–Ω—ã–π
                       –∫–æ–¥ –∑–∞–¥–∞–Ω–∏–π –ª–∞–±–æ—Ä–∞—Ç–æ—Ä–Ω–æ–π —Ä–∞–±...

You may provide a definition with
\DeclareUnicodeCharacter 


! LaTeX Error: Unicode character –∫ (U+043A)
               not set up for use with LaTeX.

See the LaTeX manual or LaTeX Companion for explanation.
Type  H <return>  for immediate help.
 ...                                              
                                                  
l.6 	{–ò—Å—Ö–æ–¥–Ω—ã–π –∫
                         –æ–¥ –∑–∞–¥–∞–Ω–∏–π –ª–∞–±–æ—Ä–∞—Ç–æ—Ä–Ω–æ–π —Ä–∞–±...

You may provide a definition with
\DeclareUnicodeCharacter 


! LaTeX Error: Unicode character –æ (U+043E)
               not set up for use with LaTeX.

See the LaTeX manual or LaTeX Companion for explanation.
Type  H <return>  for immediate help.
 ...                                              
                                                  
l.6 	{–ò—Å—Ö–æ–¥–Ω—ã–π –∫–æ
                           –¥ –∑–∞–¥–∞–Ω–∏–π –ª–∞–±–æ—Ä–∞—Ç–æ—Ä–Ω–æ–π —Ä–∞–±...

You may provide a definition with
\DeclareUnicodeCharacter 


! LaTeX Error: Unicode character –¥ (U+0434)
               not set up for use with LaTeX.

See the LaTeX manual or LaTeX Companion for explanation.
Type  H <return>  for immediate help.
 ...                                              
                                                  
l.6 	{–ò—Å—Ö–æ–¥–Ω—ã–π –∫–æ–¥
                              –∑–∞–¥–∞–Ω–∏–π –ª–∞–±–æ—Ä–∞—Ç–æ—Ä–Ω–æ–π —Ä–∞–±...

You may provide a definition with
\DeclareUnicodeCharacter 


! LaTeX Error: Unicode character –∑ (U+0437)
               not set up for use with LaTeX.

See the LaTeX manual or LaTeX Companion for explanation.
Type  H <return>  for immediate help.
 ...                                              
                                                  
l.6 	{–ò—Å—Ö–æ–¥–Ω—ã–π –∫–æ–¥ –∑
                                –∞–¥–∞–Ω–∏–π –ª–∞–±–æ—Ä–∞—Ç–æ—Ä–Ω–æ–π —Ä–∞–±...

You may provide a definition with
\DeclareUnicodeCharacter 


! LaTeX Error: Unicode character –∞ (U+0430)
               not set up for use with LaTeX.

See the LaTeX manual or LaTeX Companion for explanation.
Type  H <return>  for immediate help.
 ...                                              
                                                  
l.6 	{–ò—Å—Ö–æ–¥–Ω—ã–π –∫–æ–¥ –∑–∞
                                  –¥–∞–Ω–∏–π –ª–∞–±–æ—Ä–∞—Ç–æ—Ä–Ω–æ–π —Ä–∞–±...

You may provide a definition with
\DeclareUnicodeCharacter 


! LaTeX Error: Unicode character –¥ (U+0434)
               not set up for use with LaTeX.

See the LaTeX manual or LaTeX Companion for explanation.
Type  H <return>  for immediate help.
 ...                                              
                                                  
l.6 	{–ò—Å—Ö–æ–¥–Ω—ã–π –∫–æ–¥ –∑–∞–¥
                                    –∞–Ω–∏–π –ª–∞–±–æ—Ä–∞—Ç–æ—Ä–Ω–æ–π —Ä–∞–±...

You may provide a definition with
\DeclareUnicodeCharacter 


! LaTeX Error: Unicode character –∞ (U+0430)
               not set up for use with LaTeX.

See the LaTeX manual or LaTeX Companion for explanation.
Type  H <return>  for immediate help.
 ...                                              
                                                  
l.6 	{–ò—Å—Ö–æ–¥–Ω—ã–π –∫–æ–¥ –∑–∞–¥–∞
                                      –Ω–∏–π –ª–∞–±–æ—Ä–∞—Ç–æ—Ä–Ω–æ–π —Ä–∞–±...

You may provide a definition with
\DeclareUnicodeCharacter 


! LaTeX Error: Unicode character –Ω (U+043D)
               not set up for use with LaTeX.

See the LaTeX manual or LaTeX Companion for explanation.
Type  H <return>  for immediate help.
 ...                                              
                                                  
l.6 	{–ò—Å—Ö–æ–¥–Ω—ã–π –∫–æ–¥ –∑–∞–¥–∞–Ω
                                        –∏–π –ª–∞–±–æ—Ä–∞—Ç–æ—Ä–Ω–æ–π —Ä–∞–±...

You may provide a definition with
\DeclareUnicodeCharacter 


! LaTeX Error: Unicode character –∏ (U+0438)
               not set up for use with LaTeX.

See the LaTeX manual or LaTeX Companion for explanation.
Type  H <return>  for immediate help.
 ...                                              
                                                  
l.6 	{–ò—Å—Ö–æ–¥–Ω—ã–π –∫–æ–¥ –∑–∞–¥–∞–Ω–∏
                                          –π –ª–∞–±–æ—Ä–∞—Ç–æ—Ä–Ω–æ–π —Ä–∞–±...

You may provide a definition with
\DeclareUnicodeCharacter 


! LaTeX Error: Unicode character –π (U+0439)
               not set up for use with LaTeX.

See the LaTeX manual or LaTeX Companion for explanation.
Type  H <return>  for immediate help.
 ...                                              
                                                  
l.6 	{–ò—Å—Ö–æ–¥–Ω—ã–π –∫–æ–¥ –∑–∞–¥–∞–Ω–∏–π
                                             –ª–∞–±–æ—Ä–∞—Ç–æ—Ä–Ω–æ–π —Ä–∞–±...

You may provide a definition with
\DeclareUnicodeCharacter 


! LaTeX Error: Unicode character –ª (U+043B)
               not set up for use with LaTeX.

See the LaTeX manual or LaTeX Companion for explanation.
Type  H <return>  for immediate help.
 ...                                              
                                                  
l.6 	{–ò—Å—Ö–æ–¥–Ω—ã–π –∫–æ–¥ –∑–∞–¥–∞–Ω–∏–π –ª
                                               –∞–±–æ—Ä–∞—Ç–æ—Ä–Ω–æ–π —Ä–∞–±...

You may provide a definition with
\DeclareUnicodeCharacter 


! LaTeX Error: Unicode character –∞ (U+0430)
               not set up for use with LaTeX.

See the LaTeX manual or LaTeX Companion for explanation.
Type  H <return>  for immediate help.
 ...                                              
                                                  
l.6 	{–ò—Å—Ö–æ–¥–Ω—ã–π –∫–æ–¥ –∑–∞–¥–∞–Ω–∏–π –ª–∞
                                                 –±–æ—Ä–∞—Ç–æ—Ä–Ω–æ–π —Ä–∞–±...

You may provide a definition with
\DeclareUnicodeCharacter 


! LaTeX Error: Unicode character –± (U+0431)
               not set up for use with LaTeX.

See the LaTeX manual or LaTeX Companion for explanation.
Type  H <return>  for immediate help.
 ...                                              
                                                  
l.6 ...—Å—Ö–æ–¥–Ω—ã–π –∫–æ–¥ –∑–∞–¥–∞–Ω–∏–π –ª–∞–±
                                                  –æ—Ä–∞—Ç–æ—Ä–Ω–æ–π —Ä–∞–±–...

You may provide a definition with
\DeclareUnicodeCharacter 


! LaTeX Error: Unicode character –æ (U+043E)
               not set up for use with LaTeX.

See the LaTeX manual or LaTeX Companion for explanation.
Type  H <return>  for immediate help.
 ...                                              
                                                  
l.6 ...—Ö–æ–¥–Ω—ã–π –∫–æ–¥ –∑–∞–¥–∞–Ω–∏–π –ª–∞–±–æ
                                                  —Ä–∞—Ç–æ—Ä–Ω–æ–π —Ä–∞–±–æ—...

You may provide a definition with
\DeclareUnicodeCharacter 


! LaTeX Error: Unicode character —Ä (U+0440)
               not set up for use with LaTeX.

See the LaTeX manual or LaTeX Companion for explanation.
Type  H <return>  for immediate help.
 ...                                              
                                                  
l.6 ...–æ–¥–Ω—ã–π –∫–æ–¥ –∑–∞–¥–∞–Ω–∏–π –ª–∞–±–æ—Ä
                                                  –∞—Ç–æ—Ä–Ω–æ–π —Ä–∞–±–æ—Ç—...

You may provide a definition with
\DeclareUnicodeCharacter 


! LaTeX Error: Unicode character –∞ (U+0430)
               not set up for use with LaTeX.

See the LaTeX manual or LaTeX Companion for explanation.
Type  H <return>  for immediate help.
 ...                                              
                                                  
l.6 ...–¥–Ω—ã–π –∫–æ–¥ –∑–∞–¥–∞–Ω–∏–π –ª–∞–±–æ—Ä–∞
                                                  —Ç–æ—Ä–Ω–æ–π —Ä–∞–±–æ—Ç—ã}...

You may provide a definition with
\DeclareUnicodeCharacter 


! LaTeX Error: Unicode character —Ç (U+0442)
               not set up for use with LaTeX.

See the LaTeX manual or LaTeX Companion for explanation.
Type  H <return>  for immediate help.
 ...                                              
                                                  
l.6 ...–Ω—ã–π –∫–æ–¥ –∑–∞–¥–∞–Ω–∏–π –ª–∞–±–æ—Ä–∞—Ç
                                                  –æ—Ä–Ω–æ–π —Ä–∞–±–æ—Ç—ã} %...

You may provide a definition with
\DeclareUnicodeCharacter 


! LaTeX Error: Unicode character –æ (U+043E)
               not set up for use with LaTeX.

See the LaTeX manual or LaTeX Companion for explanation.
Type  H <return>  for immediate help.
 ...                                              
                                                  
l.6 ...—ã–π –∫–æ–¥ –∑–∞–¥–∞–Ω–∏–π –ª–∞–±–æ—Ä–∞—Ç–æ
                                                  —Ä–Ω–æ–π —Ä–∞–±–æ—Ç—ã} % –...

You may provide a definition with
\DeclareUnicodeCharacter 


! LaTeX Error: Unicode character —Ä (U+0440)
               not set up for use with LaTeX.

See the LaTeX manual or LaTeX Companion for explanation.
Type  H <return>  for immediate help.
 ...                                              
                                                  
l.6 ...–π –∫–æ–¥ –∑–∞–¥–∞–Ω–∏–π –ª–∞–±–æ—Ä–∞—Ç–æ—Ä
                                                  –Ω–æ–π —Ä–∞–±–æ—Ç—ã} % –ü–...

You may provide a definition with
\DeclareUnicodeCharacter 


! LaTeX Error: Unicode character –Ω (U+043D)
               not set up for use with LaTeX.

See the LaTeX manual or LaTeX Companion for explanation.
Type  H <return>  for immediate help.
 ...                                              
                                                  
l.6 ... –∫–æ–¥ –∑–∞–¥–∞–Ω–∏–π –ª–∞–±–æ—Ä–∞—Ç–æ—Ä–Ω
                                                  –æ–π —Ä–∞–±–æ—Ç—ã} % –ü–æ–...

You may provide a definition with
\DeclareUnicodeCharacter 


! LaTeX Error: Unicode character –æ (U+043E)
               not set up for use with LaTeX.

See the LaTeX manual or LaTeX Companion for explanation.
Type  H <return>  for immediate help.
 ...                                              
                                                  
l.6 ...∫–æ–¥ –∑–∞–¥–∞–Ω–∏–π –ª–∞–±–æ—Ä–∞—Ç–æ—Ä–Ω–æ
                                                  –π —Ä–∞–±–æ—Ç—ã} % –ü–æ–¥–...

You may provide a definition with
\DeclareUnicodeCharacter 


! LaTeX Error: Unicode character –π (U+0439)
               not set up for use with LaTeX.

See the LaTeX manual or LaTeX Companion for explanation.
Type  H <return>  for immediate help.
 ...                                              
                                                  
l.6 ...æ–¥ –∑–∞–¥–∞–Ω–∏–π –ª–∞–±–æ—Ä–∞—Ç–æ—Ä–Ω–æ–π
                                                   —Ä–∞–±–æ—Ç—ã} % –ü–æ–¥–ø–...

You may provide a definition with
\DeclareUnicodeCharacter 


! LaTeX Error: Unicode character —Ä (U+0440)
               not set up for use with LaTeX.

See the LaTeX manual or LaTeX Companion for explanation.
Type  H <return>  for immediate help.
 ...                                              
                                                  
l.6 ... –∑–∞–¥–∞–Ω–∏–π –ª–∞–±–æ—Ä–∞—Ç–æ—Ä–Ω–æ–π —Ä
                                                  –∞–±–æ—Ç—ã} % –ü–æ–¥–ø–∏—Å...

You may provide a definition with
\DeclareUnicodeCharacter 


! LaTeX Error: Unicode character –∞ (U+0430)
               not set up for use with LaTeX.

See the LaTeX manual or LaTeX Companion for explanation.
Type  H <return>  for immediate help.
 ...                                              
                                                  
l.6 ...∑–∞–¥–∞–Ω–∏–π –ª–∞–±–æ—Ä–∞—Ç–æ—Ä–Ω–æ–π —Ä–∞
                                                  –±–æ—Ç—ã} % –ü–æ–¥–ø–∏—Å—å...

You may provide a definition with
\DeclareUnicodeCharacter 


! LaTeX Error: Unicode character –± (U+0431)
               not set up for use with LaTeX.

See the LaTeX manual or LaTeX Companion for explanation.
Type  H <return>  for immediate help.
 ...                                              
                                                  
l.6 ...∞–¥–∞–Ω–∏–π –ª–∞–±–æ—Ä–∞—Ç–æ—Ä–Ω–æ–π —Ä–∞–±
                                                  –æ—Ç—ã} % –ü–æ–¥–ø–∏—Å—å –...

You may provide a definition with
\DeclareUnicodeCharacter 


! LaTeX Error: Unicode character –æ (U+043E)
               not set up for use with LaTeX.

See the LaTeX manual or LaTeX Companion for explanation.
Type  H <return>  for immediate help.
 ...                                              
                                                  
l.6 ...¥–∞–Ω–∏–π –ª–∞–±–æ—Ä–∞—Ç–æ—Ä–Ω–æ–π —Ä–∞–±–æ
                                                  —Ç—ã} % –ü–æ–¥–ø–∏—Å—å –ª–...

You may provide a definition with
\DeclareUnicodeCharacter 


! LaTeX Error: Unicode character —Ç (U+0442)
               not set up for use with LaTeX.

See the LaTeX manual or LaTeX Companion for explanation.
Type  H <return>  for immediate help.
 ...                                              
                                                  
l.6 ...∞–Ω–∏–π –ª–∞–±–æ—Ä–∞—Ç–æ—Ä–Ω–æ–π —Ä–∞–±–æ—Ç
                                                  —ã} % –ü–æ–¥–ø–∏—Å—å –ª–∏—...

You may provide a definition with
\DeclareUnicodeCharacter 


! LaTeX Error: Unicode character —ã (U+044B)
               not set up for use with LaTeX.

See the LaTeX manual or LaTeX Companion for explanation.
Type  H <return>  for immediate help.
 ...                                              
                                                  
l.6 ...Ω–∏–π –ª–∞–±–æ—Ä–∞—Ç–æ—Ä–Ω–æ–π —Ä–∞–±–æ—Ç—ã
                                                  } % –ü–æ–¥–ø–∏—Å—å –ª–∏—Å—...

You may provide a definition with
\DeclareUnicodeCharacter 

)
! Emergency stop.
<*> ./practical.tex
                   
*** (job aborted, no legal \end found)

 
Here is how much of TeX's memory you used:
 39 strings out of 475248
 515 string characters out of 5774228
 1917785 words of memory out of 5000000
 21663 multiletter control sequences out of 15000+600000
 558069 words of font info for 36 fonts, out of 8000000 for 9000
 1141 hyphenation exceptions out of 8191
 15i,0n,20p,195b,32s stack positions out of 10000i,1000n,20000p,200000b,200000s
!  ==> Fatal error occurred, no output PDF file produced!
